# JRE version: OpenJDK Runtime Environment (17.0.6) (build 17.0.6+0-b2043.56-10027231)
# Java VM: OpenJDK 64-Bit Server VM (17.0.6+0-b2043.56-10027231, mixed mode, tiered, compressed oops, compressed class ptrs, g1 gc, windows-amd64)
GC Precious Log:
 CPUs: 12 total, 12 available
 Memory: 16315M
 Large Page Support: Disabled
 NUMA Support: Disabled
 Compressed Oops: Enabled (32-bit)
 Heap Region Size: 1M
 Heap Min Capacity: 8M
 Heap Initial Capacity: 256M
 Heap Max Capacity: 2G
 Pre-touch: Disabled
 Parallel Workers: 10
 Concurrent Workers: 3
 Concurrent Refinement Workers: 10
 Periodic GC: Disabled
Heap:
 garbage-first heap   total 266240K, used 191219K [0x0000000080000000, 0x0000000100000000)
  region size 1024K, 19 young (19456K), 5 survivors (5120K)
 Metaspace       used 80797K, committed 81536K, reserved 1122304K
  class space    used 11323K, committed 11712K, reserved 1048576K
GC Heap History (20 events):
Event: 22.166 GC heap before
{Heap before GC invocations=45 (full 0):
 garbage-first heap   total 266240K, used 208634K [0x0000000080000000, 0x0000000100000000)
  region size 1024K, 61 young (62464K), 5 survivors (5120K)
 Metaspace       used 80761K, committed 81536K, reserved 1122304K
  class space    used 11313K, committed 11712K, reserved 1048576K
}
Event: 22.169 GC heap after
{Heap after GC invocations=46 (full 0):
 garbage-first heap   total 266240K, used 151892K [0x0000000080000000, 0x0000000100000000)
  region size 1024K, 5 young (5120K), 5 survivors (5120K)
 Metaspace       used 80761K, committed 81536K, reserved 1122304K
  class space    used 11313K, committed 11712K, reserved 1048576K
}
Event: 22.232 GC heap before
{Heap before GC invocations=46 (full 0):
 garbage-first heap   total 266240K, used 160084K [0x0000000080000000, 0x0000000100000000)
  region size 1024K, 13 young (13312K), 5 survivors (5120K)
 Metaspace       used 80761K, committed 81536K, reserved 1122304K
  class space    used 11313K, committed 11712K, reserved 1048576K
}
Event: 22.235 GC heap after
{Heap after GC invocations=47 (full 0):
 garbage-first heap   total 266240K, used 151075K [0x0000000080000000, 0x0000000100000000)
  region size 1024K, 2 young (2048K), 2 survivors (2048K)
 Metaspace       used 80761K, committed 81536K, reserved 1122304K
  class space    used 11313K, committed 11712K, reserved 1048576K
}
Event: 22.912 GC heap before
{Heap before GC invocations=47 (full 0):
 garbage-first heap   total 266240K, used 216611K [0x0000000080000000, 0x0000000100000000)
  region size 1024K, 66 young (67584K), 2 survivors (2048K)
 Metaspace       used 80762K, committed 81536K, reserved 1122304K
  class space    used 11313K, committed 11712K, reserved 1048576K
}
Event: 22.915 GC heap after
{Heap after GC invocations=48 (full 0):
 garbage-first heap   total 266240K, used 153013K [0x0000000080000000, 0x0000000100000000)
  region size 1024K, 4 young (4096K), 4 survivors (4096K)
 Metaspace       used 80762K, committed 81536K, reserved 1122304K
  class space    used 11313K, committed 11712K, reserved 1048576K
}
Event: 23.897 GC heap before
{Heap before GC invocations=49 (full 0):
 garbage-first heap   total 266240K, used 219573K [0x0000000080000000, 0x0000000100000000)
  region size 1024K, 69 young (70656K), 4 survivors (4096K)
 Metaspace       used 80763K, committed 81536K, reserved 1122304K
  class space    used 11313K, committed 11712K, reserved 1048576K
}
Event: 23.899 GC heap after
{Heap after GC invocations=50 (full 0):
 garbage-first heap   total 266240K, used 154623K [0x0000000080000000, 0x0000000100000000)
  region size 1024K, 6 young (6144K), 6 survivors (6144K)
 Metaspace       used 80763K, committed 81536K, reserved 1122304K
  class space    used 11313K, committed 11712K, reserved 1048576K
}
Event: 23.997 GC heap before
{Heap before GC invocations=50 (full 0):
 garbage-first heap   total 266240K, used 161791K [0x0000000080000000, 0x0000000100000000)
  region size 1024K, 13 young (13312K), 6 survivors (6144K)
 Metaspace       used 80763K, committed 81536K, reserved 1122304K
  class space    used 11313K, committed 11712K, reserved 1048576K
}
Event: 24.007 GC heap after
{Heap after GC invocations=51 (full 0):
 garbage-first heap   total 266240K, used 153822K [0x0000000080000000, 0x0000000100000000)
  region size 1024K, 2 young (2048K), 2 survivors (2048K)
 Metaspace       used 80763K, committed 81536K, reserved 1122304K
  class space    used 11313K, committed 11712K, reserved 1048576K
}
Event: 24.924 GC heap before
{Heap before GC invocations=51 (full 0):
 garbage-first heap   total 266240K, used 221406K [0x0000000080000000, 0x0000000100000000)
  region size 1024K, 68 young (69632K), 2 survivors (2048K)
 Metaspace       used 80764K, committed 81536K, reserved 1122304K
  class space    used 11313K, committed 11712K, reserved 1048576K
}
Event: 24.926 GC heap after
{Heap after GC invocations=52 (full 0):
 garbage-first heap   total 266240K, used 155870K [0x0000000080000000, 0x0000000100000000)
  region size 1024K, 4 young (4096K), 4 survivors (4096K)
 Metaspace       used 80764K, committed 81536K, reserved 1122304K
  class space    used 11313K, committed 11712K, reserved 1048576K
}
Event: 25.531 GC heap before
{Heap before GC invocations=52 (full 0):
 garbage-first heap   total 266240K, used 222430K [0x0000000080000000, 0x0000000100000000)
  region size 1024K, 69 young (70656K), 4 survivors (4096K)
 Metaspace       used 80764K, committed 81536K, reserved 1122304K
  class space    used 11313K, committed 11712K, reserved 1048576K
}
Event: 25.534 GC heap after
{Heap after GC invocations=53 (full 0):
 garbage-first heap   total 266240K, used 157596K [0x0000000080000000, 0x0000000100000000)
  region size 1024K, 6 young (6144K), 6 survivors (6144K)
 Metaspace       used 80764K, committed 81536K, reserved 1122304K
  class space    used 11313K, committed 11712K, reserved 1048576K
}
Event: 26.098 GC heap before
{Heap before GC invocations=53 (full 0):
 garbage-first heap   total 266240K, used 224156K [0x0000000080000000, 0x0000000100000000)
  region size 1024K, 71 young (72704K), 6 survivors (6144K)
 Metaspace       used 80765K, committed 81536K, reserved 1122304K
  class space    used 11313K, committed 11712K, reserved 1048576K
}
Event: 26.101 GC heap after
{Heap after GC invocations=54 (full 0):
 garbage-first heap   total 266240K, used 159181K [0x0000000080000000, 0x0000000100000000)
  region size 1024K, 6 young (6144K), 6 survivors (6144K)
 Metaspace       used 80765K, committed 81536K, reserved 1122304K
  class space    used 11313K, committed 11712K, reserved 1048576K
}
Event: 26.906 GC heap before
{Heap before GC invocations=54 (full 0):
 garbage-first heap   total 266240K, used 224717K [0x0000000080000000, 0x0000000100000000)
  region size 1024K, 70 young (71680K), 6 survivors (6144K)
 Metaspace       used 80765K, committed 81536K, reserved 1122304K
  class space    used 11313K, committed 11712K, reserved 1048576K
}
Event: 26.909 GC heap after
{Heap after GC invocations=55 (full 0):
 garbage-first heap   total 266240K, used 160610K [0x0000000080000000, 0x0000000100000000)
  region size 1024K, 6 young (6144K), 6 survivors (6144K)
 Metaspace       used 80765K, committed 81536K, reserved 1122304K
  class space    used 11313K, committed 11712K, reserved 1048576K
}
Event: 27.282 GC heap before
{Heap before GC invocations=55 (full 0):
 garbage-first heap   total 266240K, used 207714K [0x0000000080000000, 0x0000000100000000)
  region size 1024K, 39 young (39936K), 6 survivors (6144K)
 Metaspace       used 80795K, committed 81536K, reserved 1122304K
  class space    used 11323K, committed 11712K, reserved 1048576K
}
Event: 27.285 GC heap after
{Heap after GC invocations=56 (full 0):
 garbage-first heap   total 266240K, used 175859K [0x0000000080000000, 0x0000000100000000)
  region size 1024K, 5 young (5120K), 5 survivors (5120K)
 Metaspace       used 80795K, committed 81536K, reserved 1122304K
  class space    used 11323K, committed 11712K, reserved 1048576K
}

