# JRE version: OpenJDK Runtime Environment (17.0.6) (build 17.0.6+0-b2043.56-10027231)
# Java VM: OpenJDK 64-Bit Server VM (17.0.6+0-b2043.56-10027231, mixed mode, tiered, compressed oops, compressed class ptrs, g1 gc, windows-amd64)
GC Precious Log:
 CPUs: 12 total, 12 available
 Memory: 16315M
 Large Page Support: Disabled
 NUMA Support: Disabled
 Compressed Oops: Enabled (32-bit)
 Heap Region Size: 1M
 Heap Min Capacity: 8M
 Heap Initial Capacity: 256M
 Heap Max Capacity: 2G
 Pre-touch: Disabled
 Parallel Workers: 10
 Concurrent Workers: 3
 Concurrent Refinement Workers: 10
 Periodic GC: Disabled
Heap:
 garbage-first heap   total 162816K, used 118229K [0x0000000080000000, 0x0000000100000000)
  region size 1024K, 8 young (8192K), 5 survivors (5120K)
 Metaspace       used 74094K, committed 74816K, reserved 1114112K
  class space    used 10292K, committed 10624K, reserved 1048576K
GC Heap History (20 events):
Event: 11.946 GC heap before
{Heap before GC invocations=26 (full 0):
 garbage-first heap   total 116736K, used 91790K [0x0000000080000000, 0x0000000100000000)
  region size 1024K, 27 young (27648K), 4 survivors (4096K)
 Metaspace       used 56040K, committed 56640K, reserved 1097728K
  class space    used 7517K, committed 7808K, reserved 1048576K
}
Event: 11.952 GC heap after
{Heap after GC invocations=27 (full 0):
 garbage-first heap   total 116736K, used 69454K [0x0000000080000000, 0x0000000100000000)
  region size 1024K, 4 young (4096K), 4 survivors (4096K)
 Metaspace       used 56040K, committed 56640K, reserved 1097728K
  class space    used 7517K, committed 7808K, reserved 1048576K
}
Event: 12.511 GC heap before
{Heap before GC invocations=27 (full 0):
 garbage-first heap   total 116736K, used 93006K [0x0000000080000000, 0x0000000100000000)
  region size 1024K, 27 young (27648K), 4 survivors (4096K)
 Metaspace       used 58336K, committed 59008K, reserved 1105920K
  class space    used 7941K, committed 8256K, reserved 1048576K
}
Event: 12.515 GC heap after
{Heap after GC invocations=28 (full 0):
 garbage-first heap   total 116736K, used 70608K [0x0000000080000000, 0x0000000100000000)
  region size 1024K, 3 young (3072K), 3 survivors (3072K)
 Metaspace       used 58336K, committed 59008K, reserved 1105920K
  class space    used 7941K, committed 8256K, reserved 1048576K
}
Event: 12.924 GC heap before
{Heap before GC invocations=29 (full 0):
 garbage-first heap   total 122880K, used 95184K [0x0000000080000000, 0x0000000100000000)
  region size 1024K, 27 young (27648K), 3 survivors (3072K)
 Metaspace       used 59926K, committed 60608K, reserved 1105920K
  class space    used 8231K, committed 8512K, reserved 1048576K
}
Event: 12.927 GC heap after
{Heap after GC invocations=30 (full 0):
 garbage-first heap   total 122880K, used 71729K [0x0000000080000000, 0x0000000100000000)
  region size 1024K, 3 young (3072K), 3 survivors (3072K)
 Metaspace       used 59926K, committed 60608K, reserved 1105920K
  class space    used 8231K, committed 8512K, reserved 1048576K
}
Event: 13.418 GC heap before
{Heap before GC invocations=30 (full 0):
 garbage-first heap   total 122880K, used 91185K [0x0000000080000000, 0x0000000100000000)
  region size 1024K, 23 young (23552K), 3 survivors (3072K)
 Metaspace       used 61359K, committed 62016K, reserved 1105920K
  class space    used 8449K, committed 8768K, reserved 1048576K
}
Event: 13.423 GC heap after
{Heap after GC invocations=31 (full 0):
 garbage-first heap   total 122880K, used 74455K [0x0000000080000000, 0x0000000100000000)
  region size 1024K, 4 young (4096K), 4 survivors (4096K)
 Metaspace       used 61359K, committed 62016K, reserved 1105920K
  class space    used 8449K, committed 8768K, reserved 1048576K
}
Event: 13.700 GC heap before
{Heap before GC invocations=32 (full 0):
 garbage-first heap   total 135168K, used 83671K [0x0000000080000000, 0x0000000100000000)
  region size 1024K, 11 young (11264K), 4 survivors (4096K)
 Metaspace       used 61869K, committed 62528K, reserved 1105920K
  class space    used 8537K, committed 8832K, reserved 1048576K
}
Event: 13.705 GC heap after
{Heap after GC invocations=33 (full 0):
 garbage-first heap   total 162816K, used 79934K [0x0000000080000000, 0x0000000100000000)
  region size 1024K, 2 young (2048K), 2 survivors (2048K)
 Metaspace       used 61869K, committed 62528K, reserved 1105920K
  class space    used 8537K, committed 8832K, reserved 1048576K
}
Event: 13.964 GC heap before
{Heap before GC invocations=34 (full 0):
 garbage-first heap   total 162816K, used 93246K [0x0000000080000000, 0x0000000100000000)
  region size 1024K, 12 young (12288K), 2 survivors (2048K)
 Metaspace       used 62875K, committed 63552K, reserved 1105920K
  class space    used 8671K, committed 8960K, reserved 1048576K
}
Event: 13.966 GC heap after
{Heap after GC invocations=35 (full 0):
 garbage-first heap   total 162816K, used 84758K [0x0000000080000000, 0x0000000100000000)
  region size 1024K, 3 young (3072K), 3 survivors (3072K)
 Metaspace       used 62875K, committed 63552K, reserved 1105920K
  class space    used 8671K, committed 8960K, reserved 1048576K
}
Event: 14.565 GC heap before
{Heap before GC invocations=36 (full 0):
 garbage-first heap   total 162816K, used 121622K [0x0000000080000000, 0x0000000100000000)
  region size 1024K, 35 young (35840K), 3 survivors (3072K)
 Metaspace       used 65924K, committed 66624K, reserved 1114112K
  class space    used 9138K, committed 9472K, reserved 1048576K
}
Event: 14.567 GC heap after
{Heap after GC invocations=37 (full 0):
 garbage-first heap   total 162816K, used 90081K [0x0000000080000000, 0x0000000100000000)
  region size 1024K, 4 young (4096K), 4 survivors (4096K)
 Metaspace       used 65924K, committed 66624K, reserved 1114112K
  class space    used 9138K, committed 9472K, reserved 1048576K
}
Event: 15.053 GC heap before
{Heap before GC invocations=37 (full 0):
 garbage-first heap   total 162816K, used 122849K [0x0000000080000000, 0x0000000100000000)
  region size 1024K, 36 young (36864K), 4 survivors (4096K)
 Metaspace       used 69000K, committed 69696K, reserved 1114112K
  class space    used 9557K, committed 9920K, reserved 1048576K
}
Event: 15.057 GC heap after
{Heap after GC invocations=38 (full 0):
 garbage-first heap   total 162816K, used 91779K [0x0000000080000000, 0x0000000100000000)
  region size 1024K, 5 young (5120K), 5 survivors (5120K)
 Metaspace       used 69000K, committed 69696K, reserved 1114112K
  class space    used 9557K, committed 9920K, reserved 1048576K
}
Event: 15.610 GC heap before
{Heap before GC invocations=39 (full 0):
 garbage-first heap   total 162816K, used 125571K [0x0000000080000000, 0x0000000100000000)
  region size 1024K, 38 young (38912K), 5 survivors (5120K)
 Metaspace       used 71533K, committed 72256K, reserved 1114112K
  class space    used 9915K, committed 10240K, reserved 1048576K
}
Event: 15.614 GC heap after
{Heap after GC invocations=40 (full 0):
 garbage-first heap   total 162816K, used 92927K [0x0000000080000000, 0x0000000100000000)
  region size 1024K, 3 young (3072K), 3 survivors (3072K)
 Metaspace       used 71533K, committed 72256K, reserved 1114112K
  class space    used 9915K, committed 10240K, reserved 1048576K
}
Event: 16.290 GC heap before
{Heap before GC invocations=40 (full 0):
 garbage-first heap   total 162816K, used 124671K [0x0000000080000000, 0x0000000100000000)
  region size 1024K, 36 young (36864K), 3 survivors (3072K)
 Metaspace       used 74093K, committed 74816K, reserved 1114112K
  class space    used 10292K, committed 10624K, reserved 1048576K
}
Event: 16.295 GC heap after
{Heap after GC invocations=41 (full 0):
 garbage-first heap   total 162816K, used 96725K [0x0000000080000000, 0x0000000100000000)
  region size 1024K, 5 young (5120K), 5 survivors (5120K)
 Metaspace       used 74093K, committed 74816K, reserved 1114112K
  class space    used 10292K, committed 10624K, reserved 1048576K
}

