# JRE version: OpenJDK Runtime Environment (17.0.6) (build 17.0.6+0-b2043.56-10027231)
# Java VM: OpenJDK 64-Bit Server VM (17.0.6+0-b2043.56-10027231, mixed mode, tiered, compressed oops, compressed class ptrs, g1 gc, windows-amd64)
GC Precious Log:
 CPUs: 12 total, 12 available
 Memory: 16315M
 Large Page Support: Disabled
 NUMA Support: Disabled
 Compressed Oops: Enabled (Zero based)
 Heap Region Size: 2M
 Heap Min Capacity: 8M
 Heap Initial Capacity: 256M
 Heap Max Capacity: 4080M
 Pre-touch: Disabled
 Parallel Workers: 10
 Concurrent Workers: 3
 Concurrent Refinement Workers: 10
 Periodic GC: Disabled
Heap:
 garbage-first heap   total 163840K, used 94096K [0x0000000701000000, 0x0000000800000000)
  region size 2048K, 1 young (2048K), 1 survivors (2048K)
 Metaspace       used 87740K, committed 88128K, reserved 1130496K
  class space    used 9821K, committed 9984K, reserved 1048576K
GC Heap History (20 events):
Event: 7.513 GC heap after
{Heap after GC invocations=18 (full 0):
 garbage-first heap   total 124928K, used 63507K [0x0000000701000000, 0x0000000800000000)
  region size 2048K, 3 young (6144K), 3 survivors (6144K)
 Metaspace       used 63917K, committed 64192K, reserved 1105920K
  class space    used 7488K, committed 7616K, reserved 1048576K
}
Event: 8.210 GC heap before
{Heap before GC invocations=18 (full 0):
 garbage-first heap   total 124928K, used 94227K [0x0000000701000000, 0x0000000800000000)
  region size 2048K, 18 young (36864K), 3 survivors (6144K)
 Metaspace       used 65274K, committed 65536K, reserved 1114112K
  class space    used 7556K, committed 7680K, reserved 1048576K
}
Event: 8.225 GC heap after
{Heap after GC invocations=19 (full 0):
 garbage-first heap   total 124928K, used 67207K [0x0000000701000000, 0x0000000800000000)
  region size 2048K, 2 young (4096K), 2 survivors (4096K)
 Metaspace       used 65274K, committed 65536K, reserved 1114112K
  class space    used 7556K, committed 7680K, reserved 1048576K
}
Event: 8.828 GC heap before
{Heap before GC invocations=20 (full 0):
 garbage-first heap   total 124928K, used 95879K [0x0000000701000000, 0x0000000800000000)
  region size 2048K, 16 young (32768K), 2 survivors (4096K)
 Metaspace       used 66906K, committed 67264K, reserved 1114112K
  class space    used 7704K, committed 7872K, reserved 1048576K
}
Event: 8.840 GC heap after
{Heap after GC invocations=21 (full 0):
 garbage-first heap   total 124928K, used 69671K [0x0000000701000000, 0x0000000800000000)
  region size 2048K, 2 young (4096K), 2 survivors (4096K)
 Metaspace       used 66906K, committed 67264K, reserved 1114112K
  class space    used 7704K, committed 7872K, reserved 1048576K
}
Event: 9.389 GC heap before
{Heap before GC invocations=21 (full 0):
 garbage-first heap   total 124928K, used 98343K [0x0000000701000000, 0x0000000800000000)
  region size 2048K, 16 young (32768K), 2 survivors (4096K)
 Metaspace       used 71496K, committed 71808K, reserved 1114112K
  class space    used 8200K, committed 8320K, reserved 1048576K
}
Event: 9.401 GC heap after
{Heap after GC invocations=22 (full 0):
 garbage-first heap   total 151552K, used 72157K [0x0000000701000000, 0x0000000800000000)
  region size 2048K, 2 young (4096K), 2 survivors (4096K)
 Metaspace       used 71496K, committed 71808K, reserved 1114112K
  class space    used 8200K, committed 8320K, reserved 1048576K
}
Event: 10.396 GC heap before
{Heap before GC invocations=23 (full 0):
 garbage-first heap   total 151552K, used 117213K [0x0000000701000000, 0x0000000800000000)
  region size 2048K, 24 young (49152K), 2 survivors (4096K)
 Metaspace       used 75589K, committed 75968K, reserved 1122304K
  class space    used 8653K, committed 8832K, reserved 1048576K
}
Event: 10.408 GC heap after
{Heap after GC invocations=24 (full 0):
 garbage-first heap   total 151552K, used 78785K [0x0000000701000000, 0x0000000800000000)
  region size 2048K, 3 young (6144K), 3 survivors (6144K)
 Metaspace       used 75589K, committed 75968K, reserved 1122304K
  class space    used 8653K, committed 8832K, reserved 1048576K
}
Event: 10.929 GC heap before
{Heap before GC invocations=24 (full 0):
 garbage-first heap   total 151552K, used 117697K [0x0000000701000000, 0x0000000800000000)
  region size 2048K, 22 young (45056K), 3 survivors (6144K)
 Metaspace       used 76783K, committed 77120K, reserved 1122304K
  class space    used 8732K, committed 8896K, reserved 1048576K
}
Event: 10.953 GC heap after
{Heap after GC invocations=25 (full 0):
 garbage-first heap   total 151552K, used 88426K [0x0000000701000000, 0x0000000800000000)
  region size 2048K, 3 young (6144K), 3 survivors (6144K)
 Metaspace       used 76783K, committed 77120K, reserved 1122304K
  class space    used 8732K, committed 8896K, reserved 1048576K
}
Event: 11.594 GC heap before
{Heap before GC invocations=26 (full 0):
 garbage-first heap   total 157696K, used 119146K [0x0000000701000000, 0x0000000800000000)
  region size 2048K, 18 young (36864K), 3 survivors (6144K)
 Metaspace       used 82020K, committed 82432K, reserved 1122304K
  class space    used 9344K, committed 9536K, reserved 1048576K
}
Event: 11.603 GC heap after
{Heap after GC invocations=27 (full 0):
 garbage-first heap   total 157696K, used 91779K [0x0000000701000000, 0x0000000800000000)
  region size 2048K, 2 young (4096K), 2 survivors (4096K)
 Metaspace       used 82020K, committed 82432K, reserved 1122304K
  class space    used 9344K, committed 9536K, reserved 1048576K
}
Event: 11.627 GC heap before
{Heap before GC invocations=27 (full 0):
 garbage-first heap   total 157696K, used 93827K [0x0000000701000000, 0x0000000800000000)
  region size 2048K, 3 young (6144K), 2 survivors (4096K)
 Metaspace       used 82320K, committed 82688K, reserved 1122304K
  class space    used 9368K, committed 9536K, reserved 1048576K
}
Event: 11.635 GC heap after
{Heap after GC invocations=28 (full 0):
 garbage-first heap   total 157696K, used 92145K [0x0000000701000000, 0x0000000800000000)
  region size 2048K, 1 young (2048K), 1 survivors (2048K)
 Metaspace       used 82320K, committed 82688K, reserved 1122304K
  class space    used 9368K, committed 9536K, reserved 1048576K
}
Event: 12.129 GC heap before
{Heap before GC invocations=28 (full 0):
 garbage-first heap   total 157696K, used 124913K [0x0000000701000000, 0x0000000800000000)
  region size 2048K, 17 young (34816K), 1 survivors (2048K)
 Metaspace       used 85347K, committed 85760K, reserved 1130496K
  class space    used 9674K, committed 9856K, reserved 1048576K
}
Event: 12.137 GC heap after
{Heap after GC invocations=29 (full 0):
 garbage-first heap   total 157696K, used 94971K [0x0000000701000000, 0x0000000800000000)
  region size 2048K, 2 young (4096K), 2 survivors (4096K)
 Metaspace       used 85347K, committed 85760K, reserved 1130496K
  class space    used 9674K, committed 9856K, reserved 1048576K
}
Event: 12.688 GC heap before
{Heap before GC invocations=30 (full 0):
 garbage-first heap   total 163840K, used 125691K [0x0000000701000000, 0x0000000800000000)
  region size 2048K, 17 young (34816K), 2 survivors (4096K)
 Metaspace       used 86664K, committed 87040K, reserved 1130496K
  class space    used 9740K, committed 9920K, reserved 1048576K
}
Event: 12.697 GC heap after
{Heap after GC invocations=31 (full 0):
 garbage-first heap   total 163840K, used 96197K [0x0000000701000000, 0x0000000800000000)
  region size 2048K, 1 young (2048K), 1 survivors (2048K)
 Metaspace       used 86664K, committed 87040K, reserved 1130496K
  class space    used 9740K, committed 9920K, reserved 1048576K
}
Event: 12.836 GC heap before
{Heap before GC invocations=31 (full 0):
 garbage-first heap   total 163840K, used 102341K [0x0000000701000000, 0x0000000800000000)
  region size 2048K, 4 young (8192K), 1 survivors (2048K)
 Metaspace       used 87740K, committed 88128K, reserved 1130496K
  class space    used 9821K, committed 9984K, reserved 1048576K
}

