# JRE version: OpenJDK Runtime Environment (17.0.6) (build 17.0.6+0-b2043.56-10027231)
# Java VM: OpenJDK 64-Bit Server VM (17.0.6+0-b2043.56-10027231, mixed mode, tiered, compressed oops, compressed class ptrs, g1 gc, windows-amd64)
GC Precious Log:
 CPUs: 12 total, 12 available
 Memory: 16315M
 Large Page Support: Disabled
 NUMA Support: Disabled
 Compressed Oops: Enabled (Zero based)
 Heap Region Size: 2M
 Heap Min Capacity: 8M
 Heap Initial Capacity: 256M
 Heap Max Capacity: 4080M
 Pre-touch: Disabled
 Parallel Workers: 10
 Concurrent Workers: 3
 Concurrent Refinement Workers: 10
 Periodic GC: Disabled
Heap:
 garbage-first heap   total 192512K, used 98676K [0x0000000701000000, 0x0000000800000000)
  region size 2048K, 7 young (14336K), 3 survivors (6144K)
 Metaspace       used 87428K, committed 87744K, reserved 1130496K
  class space    used 9825K, committed 9984K, reserved 1048576K
GC Heap History (20 events):
Event: 3.518 GC heap before
{Heap before GC invocations=10 (full 0):
 garbage-first heap   total 159744K, used 27821K [0x0000000701000000, 0x0000000800000000)
  region size 2048K, 3 young (6144K), 1 survivors (2048K)
 Metaspace       used 38565K, committed 38848K, reserved 1089536K
  class space    used 4885K, committed 4992K, reserved 1048576K
}
Event: 3.522 GC heap after
{Heap after GC invocations=11 (full 0):
 garbage-first heap   total 159744K, used 25862K [0x0000000701000000, 0x0000000800000000)
  region size 2048K, 1 young (2048K), 1 survivors (2048K)
 Metaspace       used 38565K, committed 38848K, reserved 1089536K
  class space    used 4885K, committed 4992K, reserved 1048576K
}
Event: 4.854 GC heap before
{Heap before GC invocations=11 (full 0):
 garbage-first heap   total 159744K, used 105734K [0x0000000701000000, 0x0000000800000000)
  region size 2048K, 39 young (79872K), 1 survivors (2048K)
 Metaspace       used 53269K, committed 53568K, reserved 1097728K
  class space    used 6426K, committed 6592K, reserved 1048576K
}
Event: 4.865 GC heap after
{Heap after GC invocations=12 (full 0):
 garbage-first heap   total 159744K, used 36613K [0x0000000701000000, 0x0000000800000000)
  region size 2048K, 5 young (10240K), 5 survivors (10240K)
 Metaspace       used 53269K, committed 53568K, reserved 1097728K
  class space    used 6426K, committed 6592K, reserved 1048576K
}
Event: 5.779 GC heap before
{Heap before GC invocations=12 (full 0):
 garbage-first heap   total 159744K, used 108293K [0x0000000701000000, 0x0000000800000000)
  region size 2048K, 40 young (81920K), 5 survivors (10240K)
 Metaspace       used 59110K, committed 59392K, reserved 1105920K
  class space    used 7032K, committed 7168K, reserved 1048576K
}
Event: 5.793 GC heap after
{Heap after GC invocations=13 (full 0):
 garbage-first heap   total 159744K, used 44788K [0x0000000701000000, 0x0000000800000000)
  region size 2048K, 5 young (10240K), 5 survivors (10240K)
 Metaspace       used 59110K, committed 59392K, reserved 1105920K
  class space    used 7032K, committed 7168K, reserved 1048576K
}
Event: 6.150 GC heap before
{Heap before GC invocations=13 (full 0):
 garbage-first heap   total 159744K, used 71412K [0x0000000701000000, 0x0000000800000000)
  region size 2048K, 19 young (38912K), 5 survivors (10240K)
 Metaspace       used 59888K, committed 60160K, reserved 1105920K
  class space    used 7097K, committed 7232K, reserved 1048576K
}
Event: 6.163 GC heap after
{Heap after GC invocations=14 (full 0):
 garbage-first heap   total 159744K, used 50327K [0x0000000701000000, 0x0000000800000000)
  region size 2048K, 3 young (6144K), 3 survivors (6144K)
 Metaspace       used 59888K, committed 60160K, reserved 1105920K
  class space    used 7097K, committed 7232K, reserved 1048576K
}
Event: 7.505 GC heap before
{Heap before GC invocations=15 (full 0):
 garbage-first heap   total 159744K, used 113815K [0x0000000701000000, 0x0000000800000000)
  region size 2048K, 34 young (69632K), 3 survivors (6144K)
 Metaspace       used 63702K, committed 64000K, reserved 1105920K
  class space    used 7470K, committed 7616K, reserved 1048576K
}
Event: 7.521 GC heap after
{Heap after GC invocations=16 (full 0):
 garbage-first heap   total 159744K, used 59392K [0x0000000701000000, 0x0000000800000000)
  region size 2048K, 5 young (10240K), 5 survivors (10240K)
 Metaspace       used 63702K, committed 64000K, reserved 1105920K
  class space    used 7470K, committed 7616K, reserved 1048576K
}
Event: 7.574 GC heap before
{Heap before GC invocations=16 (full 0):
 garbage-first heap   total 159744K, used 61440K [0x0000000701000000, 0x0000000800000000)
  region size 2048K, 6 young (12288K), 5 survivors (10240K)
 Metaspace       used 63752K, committed 64064K, reserved 1105920K
  class space    used 7470K, committed 7616K, reserved 1048576K
}
Event: 7.592 GC heap after
{Heap after GC invocations=17 (full 0):
 garbage-first heap   total 192512K, used 61187K [0x0000000701000000, 0x0000000800000000)
  region size 2048K, 1 young (2048K), 1 survivors (2048K)
 Metaspace       used 63752K, committed 64064K, reserved 1105920K
  class space    used 7470K, committed 7616K, reserved 1048576K
}
Event: 9.225 GC heap before
{Heap before GC invocations=17 (full 0):
 garbage-first heap   total 192512K, used 143107K [0x0000000701000000, 0x0000000800000000)
  region size 2048K, 41 young (83968K), 1 survivors (2048K)
 Metaspace       used 67189K, committed 67456K, reserved 1114112K
  class space    used 7701K, committed 7808K, reserved 1048576K
}
Event: 9.235 GC heap after
{Heap after GC invocations=18 (full 0):
 garbage-first heap   total 192512K, used 66740K [0x0000000701000000, 0x0000000800000000)
  region size 2048K, 4 young (8192K), 4 survivors (8192K)
 Metaspace       used 67189K, committed 67456K, reserved 1114112K
  class space    used 7701K, committed 7808K, reserved 1048576K
}
Event: 10.909 GC heap before
{Heap before GC invocations=18 (full 0):
 garbage-first heap   total 192512K, used 144564K [0x0000000701000000, 0x0000000800000000)
  region size 2048K, 42 young (86016K), 4 survivors (8192K)
 Metaspace       used 76173K, committed 76544K, reserved 1122304K
  class space    used 8662K, committed 8832K, reserved 1048576K
}
Event: 10.931 GC heap after
{Heap after GC invocations=19 (full 0):
 garbage-first heap   total 192512K, used 79166K [0x0000000701000000, 0x0000000800000000)
  region size 2048K, 6 young (12288K), 6 survivors (12288K)
 Metaspace       used 76173K, committed 76544K, reserved 1122304K
  class space    used 8662K, committed 8832K, reserved 1048576K
}
Event: 12.048 GC heap before
{Heap before GC invocations=19 (full 0):
 garbage-first heap   total 192512K, used 144702K [0x0000000701000000, 0x0000000800000000)
  region size 2048K, 38 young (77824K), 6 survivors (12288K)
 Metaspace       used 83283K, committed 83648K, reserved 1130496K
  class space    used 9438K, committed 9600K, reserved 1048576K
}
Event: 12.066 GC heap after
{Heap after GC invocations=20 (full 0):
 garbage-first heap   total 192512K, used 88480K [0x0000000701000000, 0x0000000800000000)
  region size 2048K, 5 young (10240K), 5 survivors (10240K)
 Metaspace       used 83283K, committed 83648K, reserved 1130496K
  class space    used 9438K, committed 9600K, reserved 1048576K
}
Event: 13.009 GC heap before
{Heap before GC invocations=20 (full 0):
 garbage-first heap   total 192512K, used 147872K [0x0000000701000000, 0x0000000800000000)
  region size 2048K, 34 young (69632K), 5 survivors (10240K)
 Metaspace       used 86285K, committed 86656K, reserved 1130496K
  class space    used 9731K, committed 9920K, reserved 1048576K
}
Event: 13.020 GC heap after
{Heap after GC invocations=21 (full 0):
 garbage-first heap   total 192512K, used 92532K [0x0000000701000000, 0x0000000800000000)
  region size 2048K, 3 young (6144K), 3 survivors (6144K)
 Metaspace       used 86285K, committed 86656K, reserved 1130496K
  class space    used 9731K, committed 9920K, reserved 1048576K
}

