# JRE version: OpenJDK Runtime Environment (17.0.6) (build 17.0.6+0-b2043.56-10027231)
# Java VM: OpenJDK 64-Bit Server VM (17.0.6+0-b2043.56-10027231, mixed mode, tiered, compressed oops, compressed class ptrs, g1 gc, windows-amd64)
GC Precious Log:
 CPUs: 12 total, 12 available
 Memory: 16315M
 Large Page Support: Disabled
 NUMA Support: Disabled
 Compressed Oops: Enabled (Zero based)
 Heap Region Size: 2M
 Heap Min Capacity: 8M
 Heap Initial Capacity: 256M
 Heap Max Capacity: 4080M
 Pre-touch: Disabled
 Parallel Workers: 10
 Concurrent Workers: 3
 Concurrent Refinement Workers: 10
 Periodic GC: Disabled
Heap:
 garbage-first heap   total 163840K, used 94843K [0x0000000701000000, 0x0000000800000000)
  region size 2048K, 2 young (4096K), 2 survivors (4096K)
 Metaspace       used 91199K, committed 91584K, reserved 1130496K
  class space    used 10069K, committed 10240K, reserved 1048576K
GC Heap History (20 events):
Event: 9.603 GC heap after
{Heap after GC invocations=18 (full 0):
 garbage-first heap   total 124928K, used 62166K [0x0000000701000000, 0x0000000800000000)
  region size 2048K, 3 young (6144K), 3 survivors (6144K)
 Metaspace       used 64101K, committed 64384K, reserved 1105920K
  class space    used 7476K, committed 7616K, reserved 1048576K
}
Event: 10.377 GC heap before
{Heap before GC invocations=18 (full 0):
 garbage-first heap   total 124928K, used 92886K [0x0000000701000000, 0x0000000800000000)
  region size 2048K, 18 young (36864K), 3 survivors (6144K)
 Metaspace       used 65410K, committed 65728K, reserved 1114112K
  class space    used 7551K, committed 7680K, reserved 1048576K
}
Event: 10.393 GC heap after
{Heap after GC invocations=19 (full 0):
 garbage-first heap   total 124928K, used 65460K [0x0000000701000000, 0x0000000800000000)
  region size 2048K, 2 young (4096K), 2 survivors (4096K)
 Metaspace       used 65410K, committed 65728K, reserved 1114112K
  class space    used 7551K, committed 7680K, reserved 1048576K
}
Event: 10.948 GC heap before
{Heap before GC invocations=20 (full 0):
 garbage-first heap   total 124928K, used 96180K [0x0000000701000000, 0x0000000800000000)
  region size 2048K, 17 young (34816K), 2 survivors (4096K)
 Metaspace       used 66229K, committed 66496K, reserved 1114112K
  class space    used 7603K, committed 7744K, reserved 1048576K
}
Event: 10.960 GC heap after
{Heap after GC invocations=21 (full 0):
 garbage-first heap   total 124928K, used 68031K [0x0000000701000000, 0x0000000800000000)
  region size 2048K, 3 young (6144K), 3 survivors (6144K)
 Metaspace       used 66229K, committed 66496K, reserved 1114112K
  class space    used 7603K, committed 7744K, reserved 1048576K
}
Event: 11.565 GC heap before
{Heap before GC invocations=21 (full 0):
 garbage-first heap   total 124928K, used 96703K [0x0000000701000000, 0x0000000800000000)
  region size 2048K, 17 young (34816K), 3 survivors (6144K)
 Metaspace       used 70278K, committed 70592K, reserved 1114112K
  class space    used 8025K, committed 8128K, reserved 1048576K
}
Event: 11.579 GC heap after
{Heap after GC invocations=22 (full 0):
 garbage-first heap   total 151552K, used 70473K [0x0000000701000000, 0x0000000800000000)
  region size 2048K, 2 young (4096K), 2 survivors (4096K)
 Metaspace       used 70278K, committed 70592K, reserved 1114112K
  class space    used 8025K, committed 8128K, reserved 1048576K
}
Event: 12.682 GC heap before
{Heap before GC invocations=23 (full 0):
 garbage-first heap   total 151552K, used 117577K [0x0000000701000000, 0x0000000800000000)
  region size 2048K, 25 young (51200K), 2 survivors (4096K)
 Metaspace       used 75536K, committed 75840K, reserved 1122304K
  class space    used 8601K, committed 8768K, reserved 1048576K
}
Event: 12.695 GC heap after
{Heap after GC invocations=24 (full 0):
 garbage-first heap   total 151552K, used 76805K [0x0000000701000000, 0x0000000800000000)
  region size 2048K, 4 young (8192K), 4 survivors (8192K)
 Metaspace       used 75536K, committed 75840K, reserved 1122304K
  class space    used 8601K, committed 8768K, reserved 1048576K
}
Event: 13.389 GC heap before
{Heap before GC invocations=24 (full 0):
 garbage-first heap   total 151552K, used 117765K [0x0000000701000000, 0x0000000800000000)
  region size 2048K, 24 young (49152K), 4 survivors (8192K)
 Metaspace       used 77057K, committed 77440K, reserved 1122304K
  class space    used 8729K, committed 8896K, reserved 1048576K
}
Event: 13.410 GC heap after
{Heap after GC invocations=25 (full 0):
 garbage-first heap   total 151552K, used 86725K [0x0000000701000000, 0x0000000800000000)
  region size 2048K, 3 young (6144K), 3 survivors (6144K)
 Metaspace       used 77057K, committed 77440K, reserved 1122304K
  class space    used 8729K, committed 8896K, reserved 1048576K
}
Event: 14.020 GC heap before
{Heap before GC invocations=26 (full 0):
 garbage-first heap   total 153600K, used 117445K [0x0000000701000000, 0x0000000800000000)
  region size 2048K, 18 young (36864K), 3 survivors (6144K)
 Metaspace       used 82294K, committed 82624K, reserved 1122304K
  class space    used 9330K, committed 9472K, reserved 1048576K
}
Event: 14.030 GC heap after
{Heap after GC invocations=27 (full 0):
 garbage-first heap   total 153600K, used 89514K [0x0000000701000000, 0x0000000800000000)
  region size 2048K, 2 young (4096K), 2 survivors (4096K)
 Metaspace       used 82294K, committed 82624K, reserved 1122304K
  class space    used 9330K, committed 9472K, reserved 1048576K
}
Event: 14.562 GC heap before
{Heap before GC invocations=27 (full 0):
 garbage-first heap   total 153600K, used 120234K [0x0000000701000000, 0x0000000800000000)
  region size 2048K, 17 young (34816K), 2 survivors (4096K)
 Metaspace       used 85452K, committed 85824K, reserved 1130496K
  class space    used 9635K, committed 9792K, reserved 1048576K
}
Event: 14.570 GC heap after
{Heap after GC invocations=28 (full 0):
 garbage-first heap   total 153600K, used 92275K [0x0000000701000000, 0x0000000800000000)
  region size 2048K, 3 young (6144K), 3 survivors (6144K)
 Metaspace       used 85452K, committed 85824K, reserved 1130496K
  class space    used 9635K, committed 9792K, reserved 1048576K
}
Event: 15.074 GC heap before
{Heap before GC invocations=29 (full 0):
 garbage-first heap   total 163840K, used 120947K [0x0000000701000000, 0x0000000800000000)
  region size 2048K, 17 young (34816K), 3 survivors (6144K)
 Metaspace       used 86551K, committed 86912K, reserved 1130496K
  class space    used 9704K, committed 9856K, reserved 1048576K
}
Event: 15.083 GC heap after
{Heap after GC invocations=30 (full 0):
 garbage-first heap   total 163840K, used 93458K [0x0000000701000000, 0x0000000800000000)
  region size 2048K, 1 young (2048K), 1 survivors (2048K)
 Metaspace       used 86551K, committed 86912K, reserved 1130496K
  class space    used 9704K, committed 9856K, reserved 1048576K
}
Event: 15.228 GC heap before
{Heap before GC invocations=30 (full 0):
 garbage-first heap   total 163840K, used 99602K [0x0000000701000000, 0x0000000800000000)
  region size 2048K, 4 young (8192K), 1 survivors (2048K)
 Metaspace       used 86939K, committed 87296K, reserved 1130496K
  class space    used 9736K, committed 9920K, reserved 1048576K
}
Event: 15.234 GC heap after
{Heap after GC invocations=31 (full 0):
 garbage-first heap   total 163840K, used 92120K [0x0000000701000000, 0x0000000800000000)
  region size 2048K, 1 young (2048K), 1 survivors (2048K)
 Metaspace       used 86939K, committed 87296K, reserved 1130496K
  class space    used 9736K, committed 9920K, reserved 1048576K
}
Event: 15.982 GC heap before
{Heap before GC invocations=31 (full 0):
 garbage-first heap   total 163840K, used 131032K [0x0000000701000000, 0x0000000800000000)
  region size 2048K, 20 young (40960K), 1 survivors (2048K)
 Metaspace       used 91199K, committed 91584K, reserved 1130496K
  class space    used 10069K, committed 10240K, reserved 1048576K
}

