# JRE version: OpenJDK Runtime Environment (17.0.6) (build 17.0.6+0-b2043.56-10027231)
# Java VM: OpenJDK 64-Bit Server VM (17.0.6+0-b2043.56-10027231, mixed mode, tiered, compressed oops, compressed class ptrs, g1 gc, windows-amd64)
GC Precious Log:
 CPUs: 12 total, 12 available
 Memory: 16315M
 Large Page Support: Disabled
 NUMA Support: Disabled
 Compressed Oops: Enabled (32-bit)
 Heap Region Size: 1M
 Heap Min Capacity: 8M
 Heap Initial Capacity: 256M
 Heap Max Capacity: 2G
 Pre-touch: Disabled
 Parallel Workers: 10
 Concurrent Workers: 3
 Concurrent Refinement Workers: 10
 Periodic GC: Disabled
Heap:
 garbage-first heap   total 346112K, used 257981K [0x0000000080000000, 0x0000000100000000)
  region size 1024K, 4 young (4096K), 4 survivors (4096K)
 Metaspace       used 127591K, committed 128576K, reserved 1163264K
  class space    used 17000K, committed 17472K, reserved 1048576K
GC Heap History (20 events):
Event: 48.751 GC heap after
{Heap after GC invocations=58 (full 0):
 garbage-first heap   total 346112K, used 204466K [0x0000000080000000, 0x0000000100000000)
  region size 1024K, 10 young (10240K), 10 survivors (10240K)
 Metaspace       used 118934K, committed 119808K, reserved 1155072K
  class space    used 16167K, committed 16576K, reserved 1048576K
}
Event: 49.418 GC heap before
{Heap before GC invocations=58 (full 0):
 garbage-first heap   total 346112K, used 274098K [0x0000000080000000, 0x0000000100000000)
  region size 1024K, 79 young (80896K), 10 survivors (10240K)
 Metaspace       used 122253K, committed 123200K, reserved 1155072K
  class space    used 16449K, committed 16896K, reserved 1048576K
}
Event: 49.433 GC heap after
{Heap after GC invocations=59 (full 0):
 garbage-first heap   total 346112K, used 214051K [0x0000000080000000, 0x0000000100000000)
  region size 1024K, 10 young (10240K), 10 survivors (10240K)
 Metaspace       used 122253K, committed 123200K, reserved 1155072K
  class space    used 16449K, committed 16896K, reserved 1048576K
}
Event: 50.014 GC heap before
{Heap before GC invocations=59 (full 0):
 garbage-first heap   total 346112K, used 281635K [0x0000000080000000, 0x0000000100000000)
  region size 1024K, 73 young (74752K), 10 survivors (10240K)
 Metaspace       used 122842K, committed 123776K, reserved 1163264K
  class space    used 16488K, committed 16960K, reserved 1048576K
}
Event: 50.020 GC heap after
{Heap after GC invocations=60 (full 0):
 garbage-first heap   total 346112K, used 213059K [0x0000000080000000, 0x0000000100000000)
  region size 1024K, 3 young (3072K), 3 survivors (3072K)
 Metaspace       used 122842K, committed 123776K, reserved 1163264K
  class space    used 16488K, committed 16960K, reserved 1048576K
}
Event: 51.607 GC heap before
{Heap before GC invocations=60 (full 0):
 garbage-first heap   total 346112K, used 283715K [0x0000000080000000, 0x0000000100000000)
  region size 1024K, 71 young (72704K), 3 survivors (3072K)
 Metaspace       used 125337K, committed 126208K, reserved 1163264K
  class space    used 16787K, committed 17216K, reserved 1048576K
}
Event: 51.613 GC heap after
{Heap after GC invocations=61 (full 0):
 garbage-first heap   total 346112K, used 214452K [0x0000000080000000, 0x0000000100000000)
  region size 1024K, 5 young (5120K), 5 survivors (5120K)
 Metaspace       used 125337K, committed 126208K, reserved 1163264K
  class space    used 16787K, committed 17216K, reserved 1048576K
}
Event: 55.722 GC heap before
{Heap before GC invocations=61 (full 0):
 garbage-first heap   total 346112K, used 285108K [0x0000000080000000, 0x0000000100000000)
  region size 1024K, 75 young (76800K), 5 survivors (5120K)
 Metaspace       used 126188K, committed 127104K, reserved 1163264K
  class space    used 16863K, committed 17344K, reserved 1048576K
}
Event: 55.729 GC heap after
{Heap after GC invocations=62 (full 0):
 garbage-first heap   total 346112K, used 221401K [0x0000000080000000, 0x0000000100000000)
  region size 1024K, 10 young (10240K), 10 survivors (10240K)
 Metaspace       used 126188K, committed 127104K, reserved 1163264K
  class space    used 16863K, committed 17344K, reserved 1048576K
}
Event: 56.144 GC heap before
{Heap before GC invocations=62 (full 0):
 garbage-first heap   total 346112K, used 294105K [0x0000000080000000, 0x0000000100000000)
  region size 1024K, 75 young (76800K), 10 survivors (10240K)
 Metaspace       used 127021K, committed 127936K, reserved 1163264K
  class space    used 16951K, committed 17408K, reserved 1048576K
}
Event: 56.153 GC heap after
{Heap after GC invocations=63 (full 0):
 garbage-first heap   total 346112K, used 231219K [0x0000000080000000, 0x0000000100000000)
  region size 1024K, 10 young (10240K), 10 survivors (10240K)
 Metaspace       used 127021K, committed 127936K, reserved 1163264K
  class space    used 16951K, committed 17408K, reserved 1048576K
}
Event: 56.212 GC heap before
{Heap before GC invocations=63 (full 0):
 garbage-first heap   total 346112K, used 290611K [0x0000000080000000, 0x0000000100000000)
  region size 1024K, 66 young (67584K), 10 survivors (10240K)
 Metaspace       used 127039K, committed 128000K, reserved 1163264K
  class space    used 16954K, committed 17408K, reserved 1048576K
}
Event: 56.216 GC heap after
{Heap after GC invocations=64 (full 0):
 garbage-first heap   total 346112K, used 237547K [0x0000000080000000, 0x0000000100000000)
  region size 1024K, 8 young (8192K), 8 survivors (8192K)
 Metaspace       used 127039K, committed 128000K, reserved 1163264K
  class space    used 16954K, committed 17408K, reserved 1048576K
}
Event: 56.257 GC heap before
{Heap before GC invocations=64 (full 0):
 garbage-first heap   total 346112K, used 292843K [0x0000000080000000, 0x0000000100000000)
  region size 1024K, 60 young (61440K), 8 survivors (8192K)
 Metaspace       used 127183K, committed 128128K, reserved 1163264K
  class space    used 16967K, committed 17408K, reserved 1048576K
}
Event: 56.260 GC heap after
{Heap after GC invocations=65 (full 0):
 garbage-first heap   total 346112K, used 244300K [0x0000000080000000, 0x0000000100000000)
  region size 1024K, 8 young (8192K), 8 survivors (8192K)
 Metaspace       used 127183K, committed 128128K, reserved 1163264K
  class space    used 16967K, committed 17408K, reserved 1048576K
}
Event: 56.306 GC heap before
{Heap before GC invocations=65 (full 0):
 garbage-first heap   total 346112K, used 291404K [0x0000000080000000, 0x0000000100000000)
  region size 1024K, 55 young (56320K), 8 survivors (8192K)
 Metaspace       used 127346K, committed 128320K, reserved 1163264K
  class space    used 16984K, committed 17472K, reserved 1048576K
}
Event: 56.309 GC heap after
{Heap after GC invocations=66 (full 0):
 garbage-first heap   total 346112K, used 248558K [0x0000000080000000, 0x0000000100000000)
  region size 1024K, 5 young (5120K), 5 survivors (5120K)
 Metaspace       used 127346K, committed 128320K, reserved 1163264K
  class space    used 16984K, committed 17472K, reserved 1048576K
}
Event: 56.349 GC heap before
{Heap before GC invocations=66 (full 0):
 garbage-first heap   total 346112K, used 293614K [0x0000000080000000, 0x0000000100000000)
  region size 1024K, 50 young (51200K), 5 survivors (5120K)
 Metaspace       used 127549K, committed 128512K, reserved 1163264K
  class space    used 17000K, committed 17472K, reserved 1048576K
}
Event: 56.356 GC heap after
{Heap after GC invocations=67 (full 0):
 garbage-first heap   total 346112K, used 254326K [0x0000000080000000, 0x0000000100000000)
  region size 1024K, 6 young (6144K), 6 survivors (6144K)
 Metaspace       used 127549K, committed 128512K, reserved 1163264K
  class space    used 17000K, committed 17472K, reserved 1048576K
}
Event: 56.407 GC heap before
{Heap before GC invocations=67 (full 0):
 garbage-first heap   total 346112K, used 295286K [0x0000000080000000, 0x0000000100000000)
  region size 1024K, 47 young (48128K), 6 survivors (6144K)
 Metaspace       used 127591K, committed 128576K, reserved 1163264K
  class space    used 17000K, committed 17472K, reserved 1048576K
}

